0 info it worked if it ends with ok
1 verbose cli [ '/usr/local/bin/node',
1 verbose cli   '/usr/local/bin/npm',
1 verbose cli   'install',
1 verbose cli   'websocket' ]
2 info using npm@3.6.0
3 info using node@v5.6.0
4 silly loadCurrentTree Starting
5 silly install loadCurrentTree
6 silly install readLocalPackageData
7 silly fetchPackageMetaData websocket
8 silly fetchNamedPackageData websocket
9 silly mapToRegistry name websocket
10 silly mapToRegistry using default registry
11 silly mapToRegistry registry https://registry.npmjs.org/
12 silly mapToRegistry uri https://registry.npmjs.org/websocket
13 verbose request uri https://registry.npmjs.org/websocket
14 verbose request no auth needed
15 info attempt registry request try #1 at 8:58:06 PM
16 verbose request id 3db744e6bdf5451a
17 verbose etag "3HK0NOE6SV4XHGJ0SKR7NPXPC"
18 http request GET https://registry.npmjs.org/websocket
19 http 200 https://registry.npmjs.org/websocket
20 verbose headers { server: 'CouchDB/1.6.1 (Erlang OTP/R16B03)',
20 verbose headers   etag: '"AZ721ZJINYGMTFJYKXZ3CWJF"',
20 verbose headers   'content-type': 'application/json',
20 verbose headers   'content-encoding': 'gzip',
20 verbose headers   'cache-control': 'max-age=300',
20 verbose headers   'content-length': '10841',
20 verbose headers   'accept-ranges': 'bytes',
20 verbose headers   date: 'Wed, 24 Aug 2016 18:58:06 GMT',
20 verbose headers   via: '1.1 varnish',
20 verbose headers   age: '0',
20 verbose headers   connection: 'keep-alive',
20 verbose headers   'x-served-by': 'cache-ams4138-AMS',
20 verbose headers   'x-cache': 'HIT',
20 verbose headers   'x-cache-hits': '1',
20 verbose headers   'x-timer': 'S1472065086.793332,VS0,VE195',
20 verbose headers   vary: 'Accept-Encoding' }
21 silly get cb [ 200,
21 silly get   { server: 'CouchDB/1.6.1 (Erlang OTP/R16B03)',
21 silly get     etag: '"AZ721ZJINYGMTFJYKXZ3CWJF"',
21 silly get     'content-type': 'application/json',
21 silly get     'content-encoding': 'gzip',
21 silly get     'cache-control': 'max-age=300',
21 silly get     'content-length': '10841',
21 silly get     'accept-ranges': 'bytes',
21 silly get     date: 'Wed, 24 Aug 2016 18:58:06 GMT',
21 silly get     via: '1.1 varnish',
21 silly get     age: '0',
21 silly get     connection: 'keep-alive',
21 silly get     'x-served-by': 'cache-ams4138-AMS',
21 silly get     'x-cache': 'HIT',
21 silly get     'x-cache-hits': '1',
21 silly get     'x-timer': 'S1472065086.793332,VS0,VE195',
21 silly get     vary: 'Accept-Encoding' } ]
22 verbose get saving websocket to /Users/MichielPro/.npm/registry.npmjs.org/websocket/.cache.json
23 verbose correctMkdir /Users/MichielPro/.npm correctMkdir not in flight; initializing
24 silly install normalizeTree
25 silly loadCurrentTree Finishing
26 silly loadIdealTree Starting
27 silly install loadIdealTree
28 silly cloneCurrentTree Starting
29 silly install cloneCurrentTreeToIdealTree
30 silly cloneCurrentTree Finishing
31 silly loadShrinkwrap Starting
32 silly install loadShrinkwrap
33 silly loadShrinkwrap Finishing
34 silly loadAllDepsIntoIdealTree Starting
35 silly install loadAllDepsIntoIdealTree
36 silly resolveWithNewModule websocket@1.0.23 checking installable status
37 silly cache add args [ 'websocket', null ]
38 verbose cache add spec websocket
39 silly cache add parsed spec Result {
39 silly cache add   raw: 'websocket',
39 silly cache add   scope: null,
39 silly cache add   name: 'websocket',
39 silly cache add   rawSpec: '',
39 silly cache add   spec: 'latest',
39 silly cache add   type: 'tag' }
40 silly addNamed websocket@latest
41 verbose addNamed "latest" is being treated as a dist-tag for websocket
42 info addNameTag [ 'websocket', 'latest' ]
43 silly mapToRegistry name websocket
44 silly mapToRegistry using default registry
45 silly mapToRegistry registry https://registry.npmjs.org/
46 silly mapToRegistry uri https://registry.npmjs.org/websocket
47 verbose addNameTag registry:https://registry.npmjs.org/websocket not in flight; fetching
48 verbose get https://registry.npmjs.org/websocket not expired, no request
49 silly addNameTag next cb for websocket with tag latest
50 silly addNamed websocket@1.0.23
51 verbose addNamed "1.0.23" is a plain semver version for websocket
52 silly cache afterAdd websocket@1.0.23
53 verbose afterAdd /Users/MichielPro/.npm/websocket/1.0.23/package/package.json not in flight; writing
54 verbose correctMkdir /Users/MichielPro/.npm correctMkdir not in flight; initializing
55 verbose afterAdd /Users/MichielPro/.npm/websocket/1.0.23/package/package.json written
56 silly fetchNamedPackageData debug
57 silly mapToRegistry name debug
58 silly mapToRegistry using default registry
59 silly mapToRegistry registry https://registry.npmjs.org/
60 silly mapToRegistry uri https://registry.npmjs.org/debug
61 silly fetchNamedPackageData nan
62 silly mapToRegistry name nan
63 silly mapToRegistry using default registry
64 silly mapToRegistry registry https://registry.npmjs.org/
65 silly mapToRegistry uri https://registry.npmjs.org/nan
66 silly fetchNamedPackageData typedarray-to-buffer
67 silly mapToRegistry name typedarray-to-buffer
68 silly mapToRegistry using default registry
69 silly mapToRegistry registry https://registry.npmjs.org/
70 silly mapToRegistry uri https://registry.npmjs.org/typedarray-to-buffer
71 silly fetchNamedPackageData yaeti
72 silly mapToRegistry name yaeti
73 silly mapToRegistry using default registry
74 silly mapToRegistry registry https://registry.npmjs.org/
75 silly mapToRegistry uri https://registry.npmjs.org/yaeti
76 verbose request uri https://registry.npmjs.org/nan
77 verbose request no auth needed
78 info attempt registry request try #1 at 8:58:07 PM
79 http request GET https://registry.npmjs.org/nan
80 verbose request uri https://registry.npmjs.org/debug
81 verbose request no auth needed
82 info attempt registry request try #1 at 8:58:07 PM
83 verbose etag "5QBV93OUB5WHKB1HXH7GAWXDJ"
84 http request GET https://registry.npmjs.org/debug
85 verbose request uri https://registry.npmjs.org/yaeti
86 verbose request no auth needed
87 info attempt registry request try #1 at 8:58:07 PM
88 verbose etag "4LS250R5VPRTE32ZLRUAL481F"
89 http request GET https://registry.npmjs.org/yaeti
90 verbose request uri https://registry.npmjs.org/typedarray-to-buffer
91 verbose request no auth needed
92 info attempt registry request try #1 at 8:58:07 PM
93 verbose etag "9O98DBVVMHFCQ6OVRKN34XR75"
94 http request GET https://registry.npmjs.org/typedarray-to-buffer
95 http 200 https://registry.npmjs.org/debug
96 verbose headers { server: 'CouchDB/1.5.0 (Erlang OTP/R16B03)',
96 verbose headers   etag: '"5CC3Y8544UTH34RZKL40H77BQ"',
96 verbose headers   'content-type': 'application/json',
96 verbose headers   'content-encoding': 'gzip',
96 verbose headers   'cache-control': 'max-age=300',
96 verbose headers   'content-length': '9335',
96 verbose headers   'accept-ranges': 'bytes',
96 verbose headers   date: 'Wed, 24 Aug 2016 18:58:07 GMT',
96 verbose headers   via: '1.1 varnish',
96 verbose headers   age: '279',
96 verbose headers   connection: 'keep-alive',
96 verbose headers   'x-served-by': 'cache-ams4138-AMS',
96 verbose headers   'x-cache': 'HIT',
96 verbose headers   'x-cache-hits': '7',
96 verbose headers   'x-timer': 'S1472065087.193608,VS0,VE0',
96 verbose headers   vary: 'Accept-Encoding' }
97 silly get cb [ 200,
97 silly get   { server: 'CouchDB/1.5.0 (Erlang OTP/R16B03)',
97 silly get     etag: '"5CC3Y8544UTH34RZKL40H77BQ"',
97 silly get     'content-type': 'application/json',
97 silly get     'content-encoding': 'gzip',
97 silly get     'cache-control': 'max-age=300',
97 silly get     'content-length': '9335',
97 silly get     'accept-ranges': 'bytes',
97 silly get     date: 'Wed, 24 Aug 2016 18:58:07 GMT',
97 silly get     via: '1.1 varnish',
97 silly get     age: '279',
97 silly get     connection: 'keep-alive',
97 silly get     'x-served-by': 'cache-ams4138-AMS',
97 silly get     'x-cache': 'HIT',
97 silly get     'x-cache-hits': '7',
97 silly get     'x-timer': 'S1472065087.193608,VS0,VE0',
97 silly get     vary: 'Accept-Encoding' } ]
98 verbose get saving debug to /Users/MichielPro/.npm/registry.npmjs.org/debug/.cache.json
99 verbose correctMkdir /Users/MichielPro/.npm correctMkdir not in flight; initializing
100 silly resolveWithNewModule debug@2.2.0 checking installable status
101 silly cache add args [ 'debug@^2.2.0', null ]
102 verbose cache add spec debug@^2.2.0
103 silly cache add parsed spec Result {
103 silly cache add   raw: 'debug@^2.2.0',
103 silly cache add   scope: null,
103 silly cache add   name: 'debug',
103 silly cache add   rawSpec: '^2.2.0',
103 silly cache add   spec: '>=2.2.0 <3.0.0',
103 silly cache add   type: 'range' }
104 silly addNamed debug@>=2.2.0 <3.0.0
105 verbose addNamed ">=2.2.0 <3.0.0" is a valid semver range for debug
106 silly addNameRange { name: 'debug', range: '>=2.2.0 <3.0.0', hasData: false }
107 silly mapToRegistry name debug
108 silly mapToRegistry using default registry
109 silly mapToRegistry registry https://registry.npmjs.org/
110 silly mapToRegistry uri https://registry.npmjs.org/debug
111 verbose addNameRange registry:https://registry.npmjs.org/debug not in flight; fetching
112 verbose get https://registry.npmjs.org/debug not expired, no request
113 silly addNameRange number 2 { name: 'debug', range: '>=2.2.0 <3.0.0', hasData: true }
114 silly addNameRange versions [ 'debug',
114 silly addNameRange   [ '0.0.1',
114 silly addNameRange     '0.1.0',
114 silly addNameRange     '0.2.0',
114 silly addNameRange     '0.3.0',
114 silly addNameRange     '0.4.0',
114 silly addNameRange     '0.4.1',
114 silly addNameRange     '0.5.0',
114 silly addNameRange     '0.6.0',
114 silly addNameRange     '0.7.0',
114 silly addNameRange     '0.7.1',
114 silly addNameRange     '0.7.2',
114 silly addNameRange     '0.7.3',
114 silly addNameRange     '0.7.4',
114 silly addNameRange     '0.8.0',
114 silly addNameRange     '0.8.1',
114 silly addNameRange     '1.0.0',
114 silly addNameRange     '1.0.1',
114 silly addNameRange     '1.0.2',
114 silly addNameRange     '1.0.3',
114 silly addNameRange     '1.0.4',
114 silly addNameRange     '2.0.0',
114 silly addNameRange     '2.1.0',
114 silly addNameRange     '2.1.1',
114 silly addNameRange     '2.1.2',
114 silly addNameRange     '2.1.3',
114 silly addNameRange     '2.2.0' ] ]
115 silly addNamed debug@2.2.0
116 verbose addNamed "2.2.0" is a plain semver version for debug
117 http 200 https://registry.npmjs.org/nan
118 verbose headers { server: 'CouchDB/1.5.0 (Erlang OTP/R16B03)',
118 verbose headers   etag: '"EGTR1APXEV7TH8V3QYT0WN357"',
118 verbose headers   'content-type': 'application/json',
118 verbose headers   'content-encoding': 'gzip',
118 verbose headers   'cache-control': 'max-age=300',
118 verbose headers   'content-length': '17128',
118 verbose headers   'accept-ranges': 'bytes',
118 verbose headers   date: 'Wed, 24 Aug 2016 18:58:07 GMT',
118 verbose headers   via: '1.1 varnish',
118 verbose headers   age: '286',
118 verbose headers   connection: 'keep-alive',
118 verbose headers   'x-served-by': 'cache-ams4441-AMS',
118 verbose headers   'x-cache': 'HIT',
118 verbose headers   'x-cache-hits': '4',
118 verbose headers   'x-timer': 'S1472065087.192049,VS0,VE0',
118 verbose headers   vary: 'Accept-Encoding' }
119 silly get cb [ 200,
119 silly get   { server: 'CouchDB/1.5.0 (Erlang OTP/R16B03)',
119 silly get     etag: '"EGTR1APXEV7TH8V3QYT0WN357"',
119 silly get     'content-type': 'application/json',
119 silly get     'content-encoding': 'gzip',
119 silly get     'cache-control': 'max-age=300',
119 silly get     'content-length': '17128',
119 silly get     'accept-ranges': 'bytes',
119 silly get     date: 'Wed, 24 Aug 2016 18:58:07 GMT',
119 silly get     via: '1.1 varnish',
119 silly get     age: '286',
119 silly get     connection: 'keep-alive',
119 silly get     'x-served-by': 'cache-ams4441-AMS',
119 silly get     'x-cache': 'HIT',
119 silly get     'x-cache-hits': '4',
119 silly get     'x-timer': 'S1472065087.192049,VS0,VE0',
119 silly get     vary: 'Accept-Encoding' } ]
120 verbose get saving nan to /Users/MichielPro/.npm/registry.npmjs.org/nan/.cache.json
121 verbose correctMkdir /Users/MichielPro/.npm correctMkdir not in flight; initializing
122 silly cache afterAdd debug@2.2.0
123 verbose afterAdd /Users/MichielPro/.npm/debug/2.2.0/package/package.json not in flight; writing
124 verbose correctMkdir /Users/MichielPro/.npm correctMkdir not in flight; initializing
125 verbose afterAdd /Users/MichielPro/.npm/debug/2.2.0/package/package.json written
126 silly resolveWithNewModule nan@2.4.0 checking installable status
127 silly cache add args [ 'nan@^2.3.3', null ]
128 verbose cache add spec nan@^2.3.3
129 silly cache add parsed spec Result {
129 silly cache add   raw: 'nan@^2.3.3',
129 silly cache add   scope: null,
129 silly cache add   name: 'nan',
129 silly cache add   rawSpec: '^2.3.3',
129 silly cache add   spec: '>=2.3.3 <3.0.0',
129 silly cache add   type: 'range' }
130 silly addNamed nan@>=2.3.3 <3.0.0
131 verbose addNamed ">=2.3.3 <3.0.0" is a valid semver range for nan
132 silly addNameRange { name: 'nan', range: '>=2.3.3 <3.0.0', hasData: false }
133 silly mapToRegistry name nan
134 silly mapToRegistry using default registry
135 silly mapToRegistry registry https://registry.npmjs.org/
136 silly mapToRegistry uri https://registry.npmjs.org/nan
137 verbose addNameRange registry:https://registry.npmjs.org/nan not in flight; fetching
138 verbose get https://registry.npmjs.org/nan not expired, no request
139 silly addNameRange number 2 { name: 'nan', range: '>=2.3.3 <3.0.0', hasData: true }
140 silly addNameRange versions [ 'nan',
140 silly addNameRange   [ '0.3.0-wip',
140 silly addNameRange     '0.3.0-wip2',
140 silly addNameRange     '0.3.0',
140 silly addNameRange     '0.3.1',
140 silly addNameRange     '0.3.2',
140 silly addNameRange     '0.4.0',
140 silly addNameRange     '0.4.1',
140 silly addNameRange     '0.4.2',
140 silly addNameRange     '0.4.3',
140 silly addNameRange     '0.4.4',
140 silly addNameRange     '0.5.0',
140 silly addNameRange     '0.5.1',
140 silly addNameRange     '0.5.2',
140 silly addNameRange     '0.6.0',
140 silly addNameRange     '0.7.0',
140 silly addNameRange     '0.7.1',
140 silly addNameRange     '0.8.0',
140 silly addNameRange     '1.0.0',
140 silly addNameRange     '1.1.0',
140 silly addNameRange     '1.1.1',
140 silly addNameRange     '1.1.2',
140 silly addNameRange     '1.2.0',
140 silly addNameRange     '1.3.0',
140 silly addNameRange     '1.4.0',
140 silly addNameRange     '1.4.1',
140 silly addNameRange     '1.5.0',
140 silly addNameRange     '1.4.2',
140 silly addNameRange     '1.4.3',
140 silly addNameRange     '1.5.1',
140 silly addNameRange     '1.5.2',
140 silly addNameRange     '1.6.0',
140 silly addNameRange     '1.5.3',
140 silly addNameRange     '1.6.1',
140 silly addNameRange     '1.6.2',
140 silly addNameRange     '1.7.0',
140 silly addNameRange     '1.8.0',
140 silly addNameRange     '1.8.1',
140 silly addNameRange     '1.8.2',
140 silly addNameRange     '1.8.3',
140 silly addNameRange     '1.8.4',
140 silly addNameRange     '1.9.0',
140 silly addNameRange     '2.0.0',
140 silly addNameRange     '2.0.1',
140 silly addNameRange     '2.0.2',
140 silly addNameRange     '2.0.3',
140 silly addNameRange     '2.0.4',
140 silly addNameRange     '2.0.5',
140 silly addNameRange     '2.0.6',
140 silly addNameRange     '2.0.7',
140 silly addNameRange     '2.0.8',
140 silly addNameRange     '2.0.9',
140 silly addNameRange     '2.1.0',
140 silly addNameRange     '2.2.0',
140 silly addNameRange     '2.2.1',
140 silly addNameRange     '2.3.0',
140 silly addNameRange     '2.3.1',
140 silly addNameRange     '2.3.2',
140 silly addNameRange     '2.3.3',
140 silly addNameRange     '2.3.4',
140 silly addNameRange     '2.3.5',
140 silly addNameRange     '2.4.0' ] ]
141 silly addNamed nan@2.4.0
142 verbose addNamed "2.4.0" is a plain semver version for nan
143 silly mapToRegistry name nan
144 silly mapToRegistry using default registry
145 silly mapToRegistry registry https://registry.npmjs.org/
146 silly mapToRegistry uri https://registry.npmjs.org/nan
147 verbose addRemoteTarball https://registry.npmjs.org/nan/-/nan-2.4.0.tgz not in flight; adding
148 verbose addRemoteTarball [ 'https://registry.npmjs.org/nan/-/nan-2.4.0.tgz',
148 verbose addRemoteTarball   'fb3c59d45fe4effe215f0b890f8adf6eb32d2232' ]
149 info retry fetch attempt 1 at 8:58:07 PM
150 info attempt registry request try #1 at 8:58:07 PM
151 http fetch GET https://registry.npmjs.org/nan/-/nan-2.4.0.tgz
152 http fetch 200 https://registry.npmjs.org/nan/-/nan-2.4.0.tgz
153 http 304 https://registry.npmjs.org/yaeti
154 verbose headers { date: 'Wed, 24 Aug 2016 18:58:07 GMT',
154 verbose headers   via: '1.1 varnish',
154 verbose headers   'cache-control': 'max-age=300',
154 verbose headers   etag: '"4LS250R5VPRTE32ZLRUAL481F"',
154 verbose headers   age: '0',
154 verbose headers   connection: 'keep-alive',
154 verbose headers   'x-served-by': 'cache-ams4437-AMS',
154 verbose headers   'x-cache': 'HIT',
154 verbose headers   'x-cache-hits': '1',
154 verbose headers   'x-timer': 'S1472065087.191883,VS0,VE98',
154 verbose headers   vary: 'Accept-Encoding' }
155 silly get cb [ 304,
155 silly get   { date: 'Wed, 24 Aug 2016 18:58:07 GMT',
155 silly get     via: '1.1 varnish',
155 silly get     'cache-control': 'max-age=300',
155 silly get     etag: '"4LS250R5VPRTE32ZLRUAL481F"',
155 silly get     age: '0',
155 silly get     connection: 'keep-alive',
155 silly get     'x-served-by': 'cache-ams4437-AMS',
155 silly get     'x-cache': 'HIT',
155 silly get     'x-cache-hits': '1',
155 silly get     'x-timer': 'S1472065087.191883,VS0,VE98',
155 silly get     vary: 'Accept-Encoding' } ]
156 verbose etag https://registry.npmjs.org/yaeti from cache
157 verbose get saving yaeti to /Users/MichielPro/.npm/registry.npmjs.org/yaeti/.cache.json
158 verbose correctMkdir /Users/MichielPro/.npm correctMkdir not in flight; initializing
159 http 304 https://registry.npmjs.org/typedarray-to-buffer
160 verbose headers { date: 'Wed, 24 Aug 2016 18:58:07 GMT',
160 verbose headers   via: '1.1 varnish',
160 verbose headers   'cache-control': 'max-age=300',
160 verbose headers   etag: '"9O98DBVVMHFCQ6OVRKN34XR75"',
160 verbose headers   age: '0',
160 verbose headers   connection: 'keep-alive',
160 verbose headers   'x-served-by': 'cache-ams4136-AMS',
160 verbose headers   'x-cache': 'HIT',
160 verbose headers   'x-cache-hits': '1',
160 verbose headers   'x-timer': 'S1472065087.197474,VS0,VE92',
160 verbose headers   vary: 'Accept-Encoding' }
161 silly get cb [ 304,
161 silly get   { date: 'Wed, 24 Aug 2016 18:58:07 GMT',
161 silly get     via: '1.1 varnish',
161 silly get     'cache-control': 'max-age=300',
161 silly get     etag: '"9O98DBVVMHFCQ6OVRKN34XR75"',
161 silly get     age: '0',
161 silly get     connection: 'keep-alive',
161 silly get     'x-served-by': 'cache-ams4136-AMS',
161 silly get     'x-cache': 'HIT',
161 silly get     'x-cache-hits': '1',
161 silly get     'x-timer': 'S1472065087.197474,VS0,VE92',
161 silly get     vary: 'Accept-Encoding' } ]
162 verbose etag https://registry.npmjs.org/typedarray-to-buffer from cache
163 verbose get saving typedarray-to-buffer to /Users/MichielPro/.npm/registry.npmjs.org/typedarray-to-buffer/.cache.json
164 verbose correctMkdir /Users/MichielPro/.npm correctMkdir not in flight; initializing
165 silly fetchAndShaCheck shasum fb3c59d45fe4effe215f0b890f8adf6eb32d2232
166 verbose addTmpTarball /var/folders/3n/4nz81zjj4g55dngrvqz3wzx00000gn/T/npm-84405-f6ce1e38/registry.npmjs.org/nan/-/nan-2.4.0.tgz not in flight; adding
167 verbose addTmpTarball already have metadata; skipping unpack for nan@2.4.0
168 verbose correctMkdir /Users/MichielPro/.npm correctMkdir not in flight; initializing
169 silly resolveWithNewModule yaeti@0.0.4 checking installable status
170 silly cache add args [ 'yaeti@^0.0.4', null ]
171 verbose cache add spec yaeti@^0.0.4
172 silly cache add parsed spec Result {
172 silly cache add   raw: 'yaeti@^0.0.4',
172 silly cache add   scope: null,
172 silly cache add   name: 'yaeti',
172 silly cache add   rawSpec: '^0.0.4',
172 silly cache add   spec: '>=0.0.4 <0.0.5',
172 silly cache add   type: 'range' }
173 silly addNamed yaeti@>=0.0.4 <0.0.5
174 verbose addNamed ">=0.0.4 <0.0.5" is a valid semver range for yaeti
175 silly addNameRange { name: 'yaeti', range: '>=0.0.4 <0.0.5', hasData: false }
176 silly mapToRegistry name yaeti
177 silly mapToRegistry using default registry
178 silly mapToRegistry registry https://registry.npmjs.org/
179 silly mapToRegistry uri https://registry.npmjs.org/yaeti
180 verbose addNameRange registry:https://registry.npmjs.org/yaeti not in flight; fetching
181 silly resolveWithNewModule typedarray-to-buffer@3.1.2 checking installable status
182 silly cache add args [ 'typedarray-to-buffer@^3.1.2', null ]
183 verbose cache add spec typedarray-to-buffer@^3.1.2
184 silly cache add parsed spec Result {
184 silly cache add   raw: 'typedarray-to-buffer@^3.1.2',
184 silly cache add   scope: null,
184 silly cache add   name: 'typedarray-to-buffer',
184 silly cache add   rawSpec: '^3.1.2',
184 silly cache add   spec: '>=3.1.2 <4.0.0',
184 silly cache add   type: 'range' }
185 silly addNamed typedarray-to-buffer@>=3.1.2 <4.0.0
186 verbose addNamed ">=3.1.2 <4.0.0" is a valid semver range for typedarray-to-buffer
187 silly addNameRange { name: 'typedarray-to-buffer',
187 silly addNameRange   range: '>=3.1.2 <4.0.0',
187 silly addNameRange   hasData: false }
188 silly mapToRegistry name typedarray-to-buffer
189 silly mapToRegistry using default registry
190 silly mapToRegistry registry https://registry.npmjs.org/
191 silly mapToRegistry uri https://registry.npmjs.org/typedarray-to-buffer
192 verbose addNameRange registry:https://registry.npmjs.org/typedarray-to-buffer not in flight; fetching
193 verbose get https://registry.npmjs.org/yaeti not expired, no request
194 silly addNameRange number 2 { name: 'yaeti', range: '>=0.0.4 <0.0.5', hasData: true }
195 silly addNameRange versions [ 'yaeti',
195 silly addNameRange   [ '0.0.1', '0.0.2', '0.0.3', '0.0.4', '0.0.5', '0.0.6' ] ]
196 silly addNamed yaeti@0.0.4
197 verbose addNamed "0.0.4" is a plain semver version for yaeti
198 verbose get https://registry.npmjs.org/typedarray-to-buffer not expired, no request
199 silly addNameRange number 2 { name: 'typedarray-to-buffer',
199 silly addNameRange   range: '>=3.1.2 <4.0.0',
199 silly addNameRange   hasData: true }
200 silly addNameRange versions [ 'typedarray-to-buffer',
200 silly addNameRange   [ '1.0.0',
200 silly addNameRange     '1.0.1',
200 silly addNameRange     '1.0.2',
200 silly addNameRange     '1.0.3',
200 silly addNameRange     '1.0.4',
200 silly addNameRange     '2.0.0',
200 silly addNameRange     '3.0.0',
200 silly addNameRange     '3.0.1',
200 silly addNameRange     '3.0.2',
200 silly addNameRange     '3.0.3',
200 silly addNameRange     '3.0.4',
200 silly addNameRange     '3.0.5',
200 silly addNameRange     '3.1.0',
200 silly addNameRange     '3.1.1',
200 silly addNameRange     '3.1.2' ] ]
201 silly addNamed typedarray-to-buffer@3.1.2
202 verbose addNamed "3.1.2" is a plain semver version for typedarray-to-buffer
203 silly cache afterAdd yaeti@0.0.4
204 verbose afterAdd /Users/MichielPro/.npm/yaeti/0.0.4/package/package.json not in flight; writing
205 verbose correctMkdir /Users/MichielPro/.npm correctMkdir not in flight; initializing
206 silly cache afterAdd typedarray-to-buffer@3.1.2
207 verbose afterAdd /Users/MichielPro/.npm/typedarray-to-buffer/3.1.2/package/package.json not in flight; writing
208 verbose correctMkdir /Users/MichielPro/.npm correctMkdir not in flight; initializing
209 verbose afterAdd /Users/MichielPro/.npm/yaeti/0.0.4/package/package.json written
210 verbose afterAdd /Users/MichielPro/.npm/typedarray-to-buffer/3.1.2/package/package.json written
211 silly cache afterAdd nan@2.4.0
212 verbose afterAdd /Users/MichielPro/.npm/nan/2.4.0/package/package.json not in flight; writing
213 verbose correctMkdir /Users/MichielPro/.npm correctMkdir not in flight; initializing
214 verbose afterAdd /Users/MichielPro/.npm/nan/2.4.0/package/package.json written
215 silly fetchNamedPackageData ms
216 silly mapToRegistry name ms
217 silly mapToRegistry using default registry
218 silly mapToRegistry registry https://registry.npmjs.org/
219 silly mapToRegistry uri https://registry.npmjs.org/ms
220 verbose request uri https://registry.npmjs.org/ms
221 verbose request no auth needed
222 info attempt registry request try #1 at 8:58:07 PM
223 verbose etag "4EHDI6ZD0RZD26RKK73S8EZTQ"
224 http request GET https://registry.npmjs.org/ms
225 http 304 https://registry.npmjs.org/ms
226 verbose headers { date: 'Wed, 24 Aug 2016 18:58:07 GMT',
226 verbose headers   via: '1.1 varnish',
226 verbose headers   'cache-control': 'max-age=300',
226 verbose headers   etag: '"4EHDI6ZD0RZD26RKK73S8EZTQ"',
226 verbose headers   age: '276',
226 verbose headers   connection: 'keep-alive',
226 verbose headers   'x-served-by': 'cache-ams4122-AMS',
226 verbose headers   'x-cache': 'HIT',
226 verbose headers   'x-cache-hits': '4',
226 verbose headers   'x-timer': 'S1472065087.363412,VS0,VE0',
226 verbose headers   vary: 'Accept-Encoding' }
227 silly get cb [ 304,
227 silly get   { date: 'Wed, 24 Aug 2016 18:58:07 GMT',
227 silly get     via: '1.1 varnish',
227 silly get     'cache-control': 'max-age=300',
227 silly get     etag: '"4EHDI6ZD0RZD26RKK73S8EZTQ"',
227 silly get     age: '276',
227 silly get     connection: 'keep-alive',
227 silly get     'x-served-by': 'cache-ams4122-AMS',
227 silly get     'x-cache': 'HIT',
227 silly get     'x-cache-hits': '4',
227 silly get     'x-timer': 'S1472065087.363412,VS0,VE0',
227 silly get     vary: 'Accept-Encoding' } ]
228 verbose etag https://registry.npmjs.org/ms from cache
229 verbose get saving ms to /Users/MichielPro/.npm/registry.npmjs.org/ms/.cache.json
230 verbose correctMkdir /Users/MichielPro/.npm correctMkdir not in flight; initializing
231 silly resolveWithNewModule ms@0.7.1 checking installable status
232 silly cache add args [ 'ms@0.7.1', null ]
233 verbose cache add spec ms@0.7.1
234 silly cache add parsed spec Result {
234 silly cache add   raw: 'ms@0.7.1',
234 silly cache add   scope: null,
234 silly cache add   name: 'ms',
234 silly cache add   rawSpec: '0.7.1',
234 silly cache add   spec: '0.7.1',
234 silly cache add   type: 'version' }
235 silly addNamed ms@0.7.1
236 verbose addNamed "0.7.1" is a plain semver version for ms
237 silly mapToRegistry name ms
238 silly mapToRegistry using default registry
239 silly mapToRegistry registry https://registry.npmjs.org/
240 silly mapToRegistry uri https://registry.npmjs.org/ms
241 verbose addNameVersion registry:https://registry.npmjs.org/ms not in flight; fetching
242 verbose get https://registry.npmjs.org/ms not expired, no request
243 silly cache afterAdd ms@0.7.1
244 verbose afterAdd /Users/MichielPro/.npm/ms/0.7.1/package/package.json not in flight; writing
245 verbose correctMkdir /Users/MichielPro/.npm correctMkdir not in flight; initializing
246 verbose afterAdd /Users/MichielPro/.npm/ms/0.7.1/package/package.json written
247 silly fetchNamedPackageData is-typedarray
248 silly mapToRegistry name is-typedarray
249 silly mapToRegistry using default registry
250 silly mapToRegistry registry https://registry.npmjs.org/
251 silly mapToRegistry uri https://registry.npmjs.org/is-typedarray
252 verbose request uri https://registry.npmjs.org/is-typedarray
253 verbose request no auth needed
254 info attempt registry request try #1 at 8:58:07 PM
255 verbose etag "A6APATMKGAWT16SSARJSIFFQD"
256 http request GET https://registry.npmjs.org/is-typedarray
257 http 304 https://registry.npmjs.org/is-typedarray
258 verbose headers { date: 'Wed, 24 Aug 2016 18:58:07 GMT',
258 verbose headers   via: '1.1 varnish',
258 verbose headers   'cache-control': 'max-age=300',
258 verbose headers   etag: '"A6APATMKGAWT16SSARJSIFFQD"',
258 verbose headers   age: '2',
258 verbose headers   connection: 'keep-alive',
258 verbose headers   'x-served-by': 'cache-ams4440-AMS',
258 verbose headers   'x-cache': 'HIT',
258 verbose headers   'x-cache-hits': '1',
258 verbose headers   'x-timer': 'S1472065087.405192,VS0,VE0',
258 verbose headers   vary: 'Accept-Encoding' }
259 silly get cb [ 304,
259 silly get   { date: 'Wed, 24 Aug 2016 18:58:07 GMT',
259 silly get     via: '1.1 varnish',
259 silly get     'cache-control': 'max-age=300',
259 silly get     etag: '"A6APATMKGAWT16SSARJSIFFQD"',
259 silly get     age: '2',
259 silly get     connection: 'keep-alive',
259 silly get     'x-served-by': 'cache-ams4440-AMS',
259 silly get     'x-cache': 'HIT',
259 silly get     'x-cache-hits': '1',
259 silly get     'x-timer': 'S1472065087.405192,VS0,VE0',
259 silly get     vary: 'Accept-Encoding' } ]
260 verbose etag https://registry.npmjs.org/is-typedarray from cache
261 verbose get saving is-typedarray to /Users/MichielPro/.npm/registry.npmjs.org/is-typedarray/.cache.json
262 verbose correctMkdir /Users/MichielPro/.npm correctMkdir not in flight; initializing
263 silly resolveWithNewModule is-typedarray@1.0.0 checking installable status
264 silly cache add args [ 'is-typedarray@^1.0.0', null ]
265 verbose cache add spec is-typedarray@^1.0.0
266 silly cache add parsed spec Result {
266 silly cache add   raw: 'is-typedarray@^1.0.0',
266 silly cache add   scope: null,
266 silly cache add   name: 'is-typedarray',
266 silly cache add   rawSpec: '^1.0.0',
266 silly cache add   spec: '>=1.0.0 <2.0.0',
266 silly cache add   type: 'range' }
267 silly addNamed is-typedarray@>=1.0.0 <2.0.0
268 verbose addNamed ">=1.0.0 <2.0.0" is a valid semver range for is-typedarray
269 silly addNameRange { name: 'is-typedarray',
269 silly addNameRange   range: '>=1.0.0 <2.0.0',
269 silly addNameRange   hasData: false }
270 silly mapToRegistry name is-typedarray
271 silly mapToRegistry using default registry
272 silly mapToRegistry registry https://registry.npmjs.org/
273 silly mapToRegistry uri https://registry.npmjs.org/is-typedarray
274 verbose addNameRange registry:https://registry.npmjs.org/is-typedarray not in flight; fetching
275 verbose get https://registry.npmjs.org/is-typedarray not expired, no request
276 silly addNameRange number 2 { name: 'is-typedarray', range: '>=1.0.0 <2.0.0', hasData: true }
277 silly addNameRange versions [ 'is-typedarray', [ '0.0.0', '1.0.0' ] ]
278 silly addNamed is-typedarray@1.0.0
279 verbose addNamed "1.0.0" is a plain semver version for is-typedarray
280 silly cache afterAdd is-typedarray@1.0.0
281 verbose afterAdd /Users/MichielPro/.npm/is-typedarray/1.0.0/package/package.json not in flight; writing
282 verbose correctMkdir /Users/MichielPro/.npm correctMkdir not in flight; initializing
283 verbose afterAdd /Users/MichielPro/.npm/is-typedarray/1.0.0/package/package.json written
284 silly fetchNamedPackageData colour
285 silly mapToRegistry name colour
286 silly mapToRegistry using default registry
287 silly mapToRegistry registry https://registry.npmjs.org/
288 silly mapToRegistry uri https://registry.npmjs.org/colour
289 silly fetchNamedPackageData optjs
290 silly mapToRegistry name optjs
291 silly mapToRegistry using default registry
292 silly mapToRegistry registry https://registry.npmjs.org/
293 silly mapToRegistry uri https://registry.npmjs.org/optjs
294 verbose request uri https://registry.npmjs.org/colour
295 verbose request no auth needed
296 info attempt registry request try #1 at 8:58:07 PM
297 http request GET https://registry.npmjs.org/colour
298 verbose request uri https://registry.npmjs.org/optjs
299 verbose request no auth needed
300 info attempt registry request try #1 at 8:58:07 PM
301 http request GET https://registry.npmjs.org/optjs
302 http 200 https://registry.npmjs.org/colour
303 verbose headers { server: 'CouchDB/1.5.0 (Erlang OTP/R16B03)',
303 verbose headers   etag: '"BCMRPKTLA6MG8L2CMXHDVOTSI"',
303 verbose headers   'content-type': 'application/json',
303 verbose headers   'content-encoding': 'gzip',
303 verbose headers   'cache-control': 'max-age=300',
303 verbose headers   'content-length': '2521',
303 verbose headers   'accept-ranges': 'bytes',
303 verbose headers   date: 'Wed, 24 Aug 2016 18:58:07 GMT',
303 verbose headers   via: '1.1 varnish',
303 verbose headers   age: '64',
303 verbose headers   connection: 'keep-alive',
303 verbose headers   'x-served-by': 'cache-ams4138-AMS',
303 verbose headers   'x-cache': 'HIT',
303 verbose headers   'x-cache-hits': '1',
303 verbose headers   'x-timer': 'S1472065087.451896,VS0,VE0',
303 verbose headers   vary: 'Accept-Encoding' }
304 silly get cb [ 200,
304 silly get   { server: 'CouchDB/1.5.0 (Erlang OTP/R16B03)',
304 silly get     etag: '"BCMRPKTLA6MG8L2CMXHDVOTSI"',
304 silly get     'content-type': 'application/json',
304 silly get     'content-encoding': 'gzip',
304 silly get     'cache-control': 'max-age=300',
304 silly get     'content-length': '2521',
304 silly get     'accept-ranges': 'bytes',
304 silly get     date: 'Wed, 24 Aug 2016 18:58:07 GMT',
304 silly get     via: '1.1 varnish',
304 silly get     age: '64',
304 silly get     connection: 'keep-alive',
304 silly get     'x-served-by': 'cache-ams4138-AMS',
304 silly get     'x-cache': 'HIT',
304 silly get     'x-cache-hits': '1',
304 silly get     'x-timer': 'S1472065087.451896,VS0,VE0',
304 silly get     vary: 'Accept-Encoding' } ]
305 verbose get saving colour to /Users/MichielPro/.npm/registry.npmjs.org/colour/.cache.json
306 verbose correctMkdir /Users/MichielPro/.npm correctMkdir not in flight; initializing
307 http 200 https://registry.npmjs.org/optjs
308 verbose headers { server: 'CouchDB/1.5.0 (Erlang OTP/R16B03)',
308 verbose headers   etag: '"91TYBBFO11KCJ5MX2GXSP6QDF"',
308 verbose headers   'content-type': 'application/json',
308 verbose headers   'content-encoding': 'gzip',
308 verbose headers   'cache-control': 'max-age=300',
308 verbose headers   'content-length': '1449',
308 verbose headers   'accept-ranges': 'bytes',
308 verbose headers   date: 'Wed, 24 Aug 2016 18:58:07 GMT',
308 verbose headers   via: '1.1 varnish',
308 verbose headers   age: '65',
308 verbose headers   connection: 'keep-alive',
308 verbose headers   'x-served-by': 'cache-ams4448-AMS',
308 verbose headers   'x-cache': 'HIT',
308 verbose headers   'x-cache-hits': '1',
308 verbose headers   'x-timer': 'S1472065087.453369,VS0,VE0',
308 verbose headers   vary: 'Accept-Encoding' }
309 silly get cb [ 200,
309 silly get   { server: 'CouchDB/1.5.0 (Erlang OTP/R16B03)',
309 silly get     etag: '"91TYBBFO11KCJ5MX2GXSP6QDF"',
309 silly get     'content-type': 'application/json',
309 silly get     'content-encoding': 'gzip',
309 silly get     'cache-control': 'max-age=300',
309 silly get     'content-length': '1449',
309 silly get     'accept-ranges': 'bytes',
309 silly get     date: 'Wed, 24 Aug 2016 18:58:07 GMT',
309 silly get     via: '1.1 varnish',
309 silly get     age: '65',
309 silly get     connection: 'keep-alive',
309 silly get     'x-served-by': 'cache-ams4448-AMS',
309 silly get     'x-cache': 'HIT',
309 silly get     'x-cache-hits': '1',
309 silly get     'x-timer': 'S1472065087.453369,VS0,VE0',
309 silly get     vary: 'Accept-Encoding' } ]
310 verbose get saving optjs to /Users/MichielPro/.npm/registry.npmjs.org/optjs/.cache.json
311 verbose correctMkdir /Users/MichielPro/.npm correctMkdir not in flight; initializing
312 silly resolveWithNewModule colour@0.7.1 checking installable status
313 silly cache add args [ 'colour@latest', null ]
314 verbose cache add spec colour@latest
315 silly cache add parsed spec Result {
315 silly cache add   raw: 'colour@latest',
315 silly cache add   scope: null,
315 silly cache add   name: 'colour',
315 silly cache add   rawSpec: 'latest',
315 silly cache add   spec: 'latest',
315 silly cache add   type: 'tag' }
316 silly addNamed colour@latest
317 verbose addNamed "latest" is being treated as a dist-tag for colour
318 info addNameTag [ 'colour', 'latest' ]
319 silly mapToRegistry name colour
320 silly mapToRegistry using default registry
321 silly mapToRegistry registry https://registry.npmjs.org/
322 silly mapToRegistry uri https://registry.npmjs.org/colour
323 verbose addNameTag registry:https://registry.npmjs.org/colour not in flight; fetching
324 silly resolveWithNewModule optjs@3.2.2 checking installable status
325 silly cache add args [ 'optjs@latest', null ]
326 verbose cache add spec optjs@latest
327 silly cache add parsed spec Result {
327 silly cache add   raw: 'optjs@latest',
327 silly cache add   scope: null,
327 silly cache add   name: 'optjs',
327 silly cache add   rawSpec: 'latest',
327 silly cache add   spec: 'latest',
327 silly cache add   type: 'tag' }
328 silly addNamed optjs@latest
329 verbose addNamed "latest" is being treated as a dist-tag for optjs
330 info addNameTag [ 'optjs', 'latest' ]
331 silly mapToRegistry name optjs
332 silly mapToRegistry using default registry
333 silly mapToRegistry registry https://registry.npmjs.org/
334 silly mapToRegistry uri https://registry.npmjs.org/optjs
335 verbose addNameTag registry:https://registry.npmjs.org/optjs not in flight; fetching
336 verbose get https://registry.npmjs.org/colour not expired, no request
337 silly addNameTag next cb for colour with tag latest
338 silly addNamed colour@0.7.1
339 verbose addNamed "0.7.1" is a plain semver version for colour
340 silly mapToRegistry name colour
341 silly mapToRegistry using default registry
342 silly mapToRegistry registry https://registry.npmjs.org/
343 silly mapToRegistry uri https://registry.npmjs.org/colour
344 verbose addRemoteTarball https://registry.npmjs.org/colour/-/colour-0.7.1.tgz not in flight; adding
345 verbose addRemoteTarball [ 'https://registry.npmjs.org/colour/-/colour-0.7.1.tgz',
345 verbose addRemoteTarball   '9cb169917ec5d12c0736d3e8685746df1cadf778' ]
346 verbose get https://registry.npmjs.org/optjs not expired, no request
347 silly addNameTag next cb for optjs with tag latest
348 silly addNamed optjs@3.2.2
349 verbose addNamed "3.2.2" is a plain semver version for optjs
350 silly mapToRegistry name optjs
351 silly mapToRegistry using default registry
352 silly mapToRegistry registry https://registry.npmjs.org/
353 silly mapToRegistry uri https://registry.npmjs.org/optjs
354 verbose addRemoteTarball https://registry.npmjs.org/optjs/-/optjs-3.2.2.tgz not in flight; adding
355 verbose addRemoteTarball [ 'https://registry.npmjs.org/optjs/-/optjs-3.2.2.tgz',
355 verbose addRemoteTarball   '69a6ce89c442a44403141ad2f9b370bd5bb6f4ee' ]
356 info retry fetch attempt 1 at 8:58:07 PM
357 info attempt registry request try #1 at 8:58:07 PM
358 http fetch GET https://registry.npmjs.org/colour/-/colour-0.7.1.tgz
359 info retry fetch attempt 1 at 8:58:07 PM
360 info attempt registry request try #1 at 8:58:07 PM
361 http fetch GET https://registry.npmjs.org/optjs/-/optjs-3.2.2.tgz
362 http fetch 200 https://registry.npmjs.org/colour/-/colour-0.7.1.tgz
363 http fetch 200 https://registry.npmjs.org/optjs/-/optjs-3.2.2.tgz
364 silly fetchAndShaCheck shasum 69a6ce89c442a44403141ad2f9b370bd5bb6f4ee
365 verbose addTmpTarball /var/folders/3n/4nz81zjj4g55dngrvqz3wzx00000gn/T/npm-84405-f6ce1e38/registry.npmjs.org/optjs/-/optjs-3.2.2.tgz not in flight; adding
366 verbose addTmpTarball already have metadata; skipping unpack for optjs@3.2.2
367 verbose correctMkdir /Users/MichielPro/.npm correctMkdir not in flight; initializing
368 silly cache afterAdd optjs@3.2.2
369 verbose afterAdd /Users/MichielPro/.npm/optjs/3.2.2/package/package.json not in flight; writing
370 verbose correctMkdir /Users/MichielPro/.npm correctMkdir not in flight; initializing
371 verbose afterAdd /Users/MichielPro/.npm/optjs/3.2.2/package/package.json written
372 silly fetchAndShaCheck shasum 9cb169917ec5d12c0736d3e8685746df1cadf778
373 verbose addTmpTarball /var/folders/3n/4nz81zjj4g55dngrvqz3wzx00000gn/T/npm-84405-f6ce1e38/registry.npmjs.org/colour/-/colour-0.7.1.tgz not in flight; adding
374 verbose addTmpTarball already have metadata; skipping unpack for colour@0.7.1
375 verbose correctMkdir /Users/MichielPro/.npm correctMkdir not in flight; initializing
376 silly cache afterAdd colour@0.7.1
377 verbose afterAdd /Users/MichielPro/.npm/colour/0.7.1/package/package.json not in flight; writing
378 verbose correctMkdir /Users/MichielPro/.npm correctMkdir not in flight; initializing
379 verbose afterAdd /Users/MichielPro/.npm/colour/0.7.1/package/package.json written
380 silly loadAllDepsIntoIdealTree Finishing
381 silly idealTree:prePrune nl.kikkert.plex.homey
381 silly idealTree:prePrune ├─┬ chromecast-api@0.2.2
381 silly idealTree:prePrune │ ├─┬ castv2-client@1.1.1
381 silly idealTree:prePrune │ │ ├─┬ castv2@0.1.6
381 silly idealTree:prePrune │ │ │ └─┬ protobufjs@3.8.2
381 silly idealTree:prePrune │ │ │   ├─┬ ascli@0.3.0
381 silly idealTree:prePrune │ │ │   │ ├── colour@0.7.1
381 silly idealTree:prePrune │ │ │   │ └── optjs@3.2.2
381 silly idealTree:prePrune │ │ │   └─┬ bytebuffer@3.5.5
381 silly idealTree:prePrune │ │ │     ├── bufferview@1.0.1
381 silly idealTree:prePrune │ │ │     └── long@2.4.0
381 silly idealTree:prePrune │ │ └─┬ debug@1.0.4
381 silly idealTree:prePrune │ │   └── ms@0.6.2
381 silly idealTree:prePrune │ ├─┬ debug@2.2.0
381 silly idealTree:prePrune │ │ └── ms@0.7.1
381 silly idealTree:prePrune │ ├─┬ multicast-dns@2.2.0
381 silly idealTree:prePrune │ │ └── thunky@0.1.0
381 silly idealTree:prePrune │ └─┬ node-ssdp@2.7.0
381 silly idealTree:prePrune │   └── ip@1.1.0
381 silly idealTree:prePrune ├── debug@2.2.0
381 silly idealTree:prePrune ├── elasticlunr
381 silly idealTree:prePrune ├── is-typedarray@1.0.0
381 silly idealTree:prePrune ├─┬ longjohn@0.2.11
381 silly idealTree:prePrune │ ├── amdefine@1.0.0
381 silly idealTree:prePrune │ ├── source-map-support@0.3.2
381 silly idealTree:prePrune │ └── source-map@0.1.32
381 silly idealTree:prePrune ├── lunr@0.5.12
381 silly idealTree:prePrune ├── ms@0.7.1
381 silly idealTree:prePrune ├── nan@2.4.0
381 silly idealTree:prePrune ├─┬ plex-api-credentials@2.0.0
381 silly idealTree:prePrune │ ├── plex-api-headers@1.1.0
381 silly idealTree:prePrune │ └─┬ request@2.61.0
381 silly idealTree:prePrune │   ├── aws-sign2@0.5.0
381 silly idealTree:prePrune │   ├─┬ bl@1.0.0
381 silly idealTree:prePrune │   │ └─┬ readable-stream@2.0.2
381 silly idealTree:prePrune │   │   ├── core-util-is@1.0.1
381 silly idealTree:prePrune │   │   ├── inherits@2.0.1
381 silly idealTree:prePrune │   │   ├── isarray@0.0.1
381 silly idealTree:prePrune │   │   ├── process-nextick-args@1.0.2
381 silly idealTree:prePrune │   │   ├── string_decoder@0.10.31
381 silly idealTree:prePrune │   │   └── util-deprecate@1.0.1
381 silly idealTree:prePrune │   ├── caseless@0.11.0
381 silly idealTree:prePrune │   ├─┬ combined-stream@1.0.5
381 silly idealTree:prePrune │   │ └── delayed-stream@1.0.0
381 silly idealTree:prePrune │   ├── extend@3.0.0
381 silly idealTree:prePrune │   ├── forever-agent@0.6.1
381 silly idealTree:prePrune │   ├─┬ form-data@1.0.0-rc3
381 silly idealTree:prePrune │   │ └── async@1.4.2
381 silly idealTree:prePrune │   ├─┬ har-validator@1.8.0
381 silly idealTree:prePrune │   │ ├── bluebird@2.9.34
381 silly idealTree:prePrune │   │ ├─┬ chalk@1.1.1
381 silly idealTree:prePrune │   │ │ ├── ansi-styles@2.1.0
381 silly idealTree:prePrune │   │ │ ├── escape-string-regexp@1.0.3
381 silly idealTree:prePrune │   │ │ ├─┬ has-ansi@2.0.0
381 silly idealTree:prePrune │   │ │ │ └── ansi-regex@2.0.0
381 silly idealTree:prePrune │   │ │ ├─┬ strip-ansi@3.0.0
381 silly idealTree:prePrune │   │ │ │ └── ansi-regex@2.0.0
381 silly idealTree:prePrune │   │ │ └── supports-color@2.0.0
381 silly idealTree:prePrune │   │ ├─┬ commander@2.8.1
381 silly idealTree:prePrune │   │ │ └── graceful-readlink@1.0.1
381 silly idealTree:prePrune │   │ └─┬ is-my-json-valid@2.12.2
381 silly idealTree:prePrune │   │   ├── generate-function@2.0.0
381 silly idealTree:prePrune │   │   ├─┬ generate-object-property@1.2.0
381 silly idealTree:prePrune │   │   │ └── is-property@1.0.2
381 silly idealTree:prePrune │   │   ├── jsonpointer@2.0.0
381 silly idealTree:prePrune │   │   └── xtend@4.0.0
381 silly idealTree:prePrune │   ├─┬ hawk@3.1.0
381 silly idealTree:prePrune │   │ ├── boom@2.8.0
381 silly idealTree:prePrune │   │ ├── cryptiles@2.0.4
381 silly idealTree:prePrune │   │ ├── hoek@2.14.0
381 silly idealTree:prePrune │   │ └── sntp@1.0.9
381 silly idealTree:prePrune │   ├─┬ http-signature@0.11.0
381 silly idealTree:prePrune │   │ ├── asn1@0.1.11
381 silly idealTree:prePrune │   │ ├── assert-plus@0.1.5
381 silly idealTree:prePrune │   │ └── ctype@0.5.3
381 silly idealTree:prePrune │   ├── isstream@0.1.2
381 silly idealTree:prePrune │   ├── json-stringify-safe@5.0.1
381 silly idealTree:prePrune │   ├─┬ mime-types@2.1.5
381 silly idealTree:prePrune │   │ └── mime-db@1.17.0
381 silly idealTree:prePrune │   ├── node-uuid@1.4.3
381 silly idealTree:prePrune │   ├── oauth-sign@0.8.0
381 silly idealTree:prePrune │   ├── qs@4.0.0
381 silly idealTree:prePrune │   ├── stringstream@0.0.4
381 silly idealTree:prePrune │   ├── tough-cookie@2.0.0
381 silly idealTree:prePrune │   └── tunnel-agent@0.4.1
381 silly idealTree:prePrune ├─┬ plex-api@3.2.0
381 silly idealTree:prePrune │ ├─┬ node-plex-api@0.0.1
381 silly idealTree:prePrune │ │ ├── async@0.2.10
381 silly idealTree:prePrune │ │ ├── class-js2@0.5.2
381 silly idealTree:prePrune │ │ ├── lodash@2.4.2
381 silly idealTree:prePrune │ │ ├─┬ request@2.34.0
381 silly idealTree:prePrune │ │ │ ├── aws-sign2@0.5.0
381 silly idealTree:prePrune │ │ │ ├── forever-agent@0.5.2
381 silly idealTree:prePrune │ │ │ ├─┬ form-data@0.1.4
381 silly idealTree:prePrune │ │ │ │ ├── async@0.9.2
381 silly idealTree:prePrune │ │ │ │ └─┬ combined-stream@0.0.7
381 silly idealTree:prePrune │ │ │ │   └── delayed-stream@0.0.5
381 silly idealTree:prePrune │ │ │ ├─┬ hawk@1.0.0
381 silly idealTree:prePrune │ │ │ │ ├── boom@0.4.2
381 silly idealTree:prePrune │ │ │ │ ├── cryptiles@0.2.2
381 silly idealTree:prePrune │ │ │ │ ├── hoek@0.9.1
381 silly idealTree:prePrune │ │ │ │ └── sntp@0.2.4
381 silly idealTree:prePrune │ │ │ ├─┬ http-signature@0.10.1
381 silly idealTree:prePrune │ │ │ │ ├── asn1@0.1.11
381 silly idealTree:prePrune │ │ │ │ ├── assert-plus@0.1.5
381 silly idealTree:prePrune │ │ │ │ └── ctype@0.5.3
381 silly idealTree:prePrune │ │ │ ├── json-stringify-safe@5.0.1
381 silly idealTree:prePrune │ │ │ ├── mime@1.2.11
381 silly idealTree:prePrune │ │ │ ├── node-uuid@1.4.3
381 silly idealTree:prePrune │ │ │ ├── oauth-sign@0.3.0
381 silly idealTree:prePrune │ │ │ ├── qs@0.6.6
381 silly idealTree:prePrune │ │ │ ├── tough-cookie@2.0.0
381 silly idealTree:prePrune │ │ │ └── tunnel-agent@0.3.0
381 silly idealTree:prePrune │ │ ├── string@1.8.1
381 silly idealTree:prePrune │ │ └─┬ xmldoc@0.1.4
381 silly idealTree:prePrune │ │   └── sax@0.6.1
381 silly idealTree:prePrune │ ├── plex-api-credentials@2.0.0
381 silly idealTree:prePrune │ ├── plex-api-headers@1.1.0
381 silly idealTree:prePrune │ ├── q@1.4.1
381 silly idealTree:prePrune │ ├─┬ request@2.67.0
381 silly idealTree:prePrune │ │ ├── aws-sign2@0.6.0
381 silly idealTree:prePrune │ │ ├─┬ bl@1.0.0
381 silly idealTree:prePrune │ │ │ └─┬ readable-stream@2.0.5
381 silly idealTree:prePrune │ │ │   ├── core-util-is@1.0.2
381 silly idealTree:prePrune │ │ │   ├── inherits@2.0.1
381 silly idealTree:prePrune │ │ │   ├── isarray@0.0.1
381 silly idealTree:prePrune │ │ │   ├── process-nextick-args@1.0.6
381 silly idealTree:prePrune │ │ │   ├── string_decoder@0.10.31
381 silly idealTree:prePrune │ │ │   └── util-deprecate@1.0.2
381 silly idealTree:prePrune │ │ ├── caseless@0.11.0
381 silly idealTree:prePrune │ │ ├─┬ combined-stream@1.0.5
381 silly idealTree:prePrune │ │ │ └── delayed-stream@1.0.0
381 silly idealTree:prePrune │ │ ├── extend@3.0.0
381 silly idealTree:prePrune │ │ ├── forever-agent@0.6.1
381 silly idealTree:prePrune │ │ ├─┬ form-data@1.0.0-rc3
381 silly idealTree:prePrune │ │ │ └── async@1.5.2
381 silly idealTree:prePrune │ │ ├─┬ har-validator@2.0.3
381 silly idealTree:prePrune │ │ │ ├─┬ chalk@1.1.1
381 silly idealTree:prePrune │ │ │ │ ├── ansi-styles@2.1.0
381 silly idealTree:prePrune │ │ │ │ ├── escape-string-regexp@1.0.4
381 silly idealTree:prePrune │ │ │ │ ├─┬ has-ansi@2.0.0
381 silly idealTree:prePrune │ │ │ │ │ └── ansi-regex@2.0.0
381 silly idealTree:prePrune │ │ │ │ ├─┬ strip-ansi@3.0.0
381 silly idealTree:prePrune │ │ │ │ │ └── ansi-regex@2.0.0
381 silly idealTree:prePrune │ │ │ │ └── supports-color@2.0.0
381 silly idealTree:prePrune │ │ │ ├─┬ commander@2.9.0
381 silly idealTree:prePrune │ │ │ │ └── graceful-readlink@1.0.1
381 silly idealTree:prePrune │ │ │ ├─┬ is-my-json-valid@2.12.3
381 silly idealTree:prePrune │ │ │ │ ├── generate-function@2.0.0
381 silly idealTree:prePrune │ │ │ │ ├─┬ generate-object-property@1.2.0
381 silly idealTree:prePrune │ │ │ │ │ └── is-property@1.0.2
381 silly idealTree:prePrune │ │ │ │ ├── jsonpointer@2.0.0
381 silly idealTree:prePrune │ │ │ │ └── xtend@4.0.1
381 silly idealTree:prePrune │ │ │ └─┬ pinkie-promise@2.0.0
381 silly idealTree:prePrune │ │ │   └── pinkie@2.0.1
381 silly idealTree:prePrune │ │ ├─┬ hawk@3.1.2
381 silly idealTree:prePrune │ │ │ ├── boom@2.10.1
381 silly idealTree:prePrune │ │ │ ├── cryptiles@2.0.5
381 silly idealTree:prePrune │ │ │ ├── hoek@2.16.3
381 silly idealTree:prePrune │ │ │ └── sntp@1.0.9
381 silly idealTree:prePrune │ │ ├─┬ http-signature@1.1.0
381 silly idealTree:prePrune │ │ │ ├── assert-plus@0.1.5
381 silly idealTree:prePrune │ │ │ ├─┬ jsprim@1.2.2
381 silly idealTree:prePrune │ │ │ │ ├── extsprintf@1.0.2
381 silly idealTree:prePrune │ │ │ │ ├── json-schema@0.2.2
381 silly idealTree:prePrune │ │ │ │ └── verror@1.3.6
381 silly idealTree:prePrune │ │ │ └─┬ sshpk@1.7.2
381 silly idealTree:prePrune │ │ │   ├── asn1@0.2.3
381 silly idealTree:prePrune │ │ │   ├── assert-plus@0.2.0
381 silly idealTree:prePrune │ │ │   ├─┬ dashdash@1.11.0
381 silly idealTree:prePrune │ │ │   │ └── assert-plus@0.1.5
381 silly idealTree:prePrune │ │ │   ├── ecc-jsbn@0.1.1
381 silly idealTree:prePrune │ │ │   ├── jodid25519@1.0.2
381 silly idealTree:prePrune │ │ │   ├── jsbn@0.1.0
381 silly idealTree:prePrune │ │ │   └── tweetnacl@0.13.3
381 silly idealTree:prePrune │ │ ├── is-typedarray@1.0.0
381 silly idealTree:prePrune │ │ ├── isstream@0.1.2
381 silly idealTree:prePrune │ │ ├── json-stringify-safe@5.0.1
381 silly idealTree:prePrune │ │ ├─┬ mime-types@2.1.9
381 silly idealTree:prePrune │ │ │ └── mime-db@1.21.0
381 silly idealTree:prePrune │ │ ├── node-uuid@1.4.7
381 silly idealTree:prePrune │ │ ├── oauth-sign@0.8.0
381 silly idealTree:prePrune │ │ ├── qs@5.2.0
381 silly idealTree:prePrune │ │ ├── stringstream@0.0.5
381 silly idealTree:prePrune │ │ ├── tough-cookie@2.2.1
381 silly idealTree:prePrune │ │ └── tunnel-agent@0.4.2
381 silly idealTree:prePrune │ ├── uuid@2.0.1
381 silly idealTree:prePrune │ └─┬ xml2js@0.4.15
381 silly idealTree:prePrune │   ├── sax@1.1.4
381 silly idealTree:prePrune │   └─┬ xmlbuilder@4.2.0
381 silly idealTree:prePrune │     └── lodash@3.10.1
381 silly idealTree:prePrune ├── q@1.4.1
381 silly idealTree:prePrune ├── typedarray-to-buffer@3.1.2
381 silly idealTree:prePrune ├── websocket@1.0.23
381 silly idealTree:prePrune └── yaeti@0.0.4
382 silly loadIdealTree Finishing
383 silly currentTree nl.kikkert.plex.homey
383 silly currentTree ├─┬ chromecast-api@0.2.2
383 silly currentTree │ ├─┬ castv2-client@1.1.1
383 silly currentTree │ │ ├─┬ castv2@0.1.6
383 silly currentTree │ │ │ └─┬ protobufjs@3.8.2
383 silly currentTree │ │ │   ├─┬ ascli@0.3.0
383 silly currentTree │ │ │   │ ├── colour@0.7.1
383 silly currentTree │ │ │   │ └── optjs@3.2.2
383 silly currentTree │ │ │   └─┬ bytebuffer@3.5.5
383 silly currentTree │ │ │     ├── bufferview@1.0.1
383 silly currentTree │ │ │     └── long@2.4.0
383 silly currentTree │ │ └─┬ debug@1.0.4
383 silly currentTree │ │   └── ms@0.6.2
383 silly currentTree │ ├─┬ debug@2.2.0
383 silly currentTree │ │ └── ms@0.7.1
383 silly currentTree │ ├─┬ multicast-dns@2.2.0
383 silly currentTree │ │ └── thunky@0.1.0
383 silly currentTree │ └─┬ node-ssdp@2.7.0
383 silly currentTree │   └── ip@1.1.0
383 silly currentTree ├── elasticlunr
383 silly currentTree ├─┬ longjohn@0.2.11
383 silly currentTree │ ├── amdefine@1.0.0
383 silly currentTree │ ├── source-map-support@0.3.2
383 silly currentTree │ └── source-map@0.1.32
383 silly currentTree ├── lunr@0.5.12
383 silly currentTree ├─┬ plex-api-credentials@2.0.0
383 silly currentTree │ ├── plex-api-headers@1.1.0
383 silly currentTree │ └─┬ request@2.61.0
383 silly currentTree │   ├── aws-sign2@0.5.0
383 silly currentTree │   ├─┬ bl@1.0.0
383 silly currentTree │   │ └─┬ readable-stream@2.0.2
383 silly currentTree │   │   ├── core-util-is@1.0.1
383 silly currentTree │   │   ├── inherits@2.0.1
383 silly currentTree │   │   ├── isarray@0.0.1
383 silly currentTree │   │   ├── process-nextick-args@1.0.2
383 silly currentTree │   │   ├── string_decoder@0.10.31
383 silly currentTree │   │   └── util-deprecate@1.0.1
383 silly currentTree │   ├── caseless@0.11.0
383 silly currentTree │   ├─┬ combined-stream@1.0.5
383 silly currentTree │   │ └── delayed-stream@1.0.0
383 silly currentTree │   ├── extend@3.0.0
383 silly currentTree │   ├── forever-agent@0.6.1
383 silly currentTree │   ├─┬ form-data@1.0.0-rc3
383 silly currentTree │   │ └── async@1.4.2
383 silly currentTree │   ├─┬ har-validator@1.8.0
383 silly currentTree │   │ ├── bluebird@2.9.34
383 silly currentTree │   │ ├─┬ chalk@1.1.1
383 silly currentTree │   │ │ ├── ansi-styles@2.1.0
383 silly currentTree │   │ │ ├── escape-string-regexp@1.0.3
383 silly currentTree │   │ │ ├─┬ has-ansi@2.0.0
383 silly currentTree │   │ │ │ └── ansi-regex@2.0.0
383 silly currentTree │   │ │ ├─┬ strip-ansi@3.0.0
383 silly currentTree │   │ │ │ └── ansi-regex@2.0.0
383 silly currentTree │   │ │ └── supports-color@2.0.0
383 silly currentTree │   │ ├─┬ commander@2.8.1
383 silly currentTree │   │ │ └── graceful-readlink@1.0.1
383 silly currentTree │   │ └─┬ is-my-json-valid@2.12.2
383 silly currentTree │   │   ├── generate-function@2.0.0
383 silly currentTree │   │   ├─┬ generate-object-property@1.2.0
383 silly currentTree │   │   │ └── is-property@1.0.2
383 silly currentTree │   │   ├── jsonpointer@2.0.0
383 silly currentTree │   │   └── xtend@4.0.0
383 silly currentTree │   ├─┬ hawk@3.1.0
383 silly currentTree │   │ ├── boom@2.8.0
383 silly currentTree │   │ ├── cryptiles@2.0.4
383 silly currentTree │   │ ├── hoek@2.14.0
383 silly currentTree │   │ └── sntp@1.0.9
383 silly currentTree │   ├─┬ http-signature@0.11.0
383 silly currentTree │   │ ├── asn1@0.1.11
383 silly currentTree │   │ ├── assert-plus@0.1.5
383 silly currentTree │   │ └── ctype@0.5.3
383 silly currentTree │   ├── isstream@0.1.2
383 silly currentTree │   ├── json-stringify-safe@5.0.1
383 silly currentTree │   ├─┬ mime-types@2.1.5
383 silly currentTree │   │ └── mime-db@1.17.0
383 silly currentTree │   ├── node-uuid@1.4.3
383 silly currentTree │   ├── oauth-sign@0.8.0
383 silly currentTree │   ├── qs@4.0.0
383 silly currentTree │   ├── stringstream@0.0.4
383 silly currentTree │   ├── tough-cookie@2.0.0
383 silly currentTree │   └── tunnel-agent@0.4.1
383 silly currentTree ├─┬ plex-api@3.2.0
383 silly currentTree │ ├─┬ node-plex-api@0.0.1
383 silly currentTree │ │ ├── async@0.2.10
383 silly currentTree │ │ ├── class-js2@0.5.2
383 silly currentTree │ │ ├── lodash@2.4.2
383 silly currentTree │ │ ├─┬ request@2.34.0
383 silly currentTree │ │ │ ├── aws-sign2@0.5.0
383 silly currentTree │ │ │ ├── forever-agent@0.5.2
383 silly currentTree │ │ │ ├─┬ form-data@0.1.4
383 silly currentTree │ │ │ │ ├── async@0.9.2
383 silly currentTree │ │ │ │ └─┬ combined-stream@0.0.7
383 silly currentTree │ │ │ │   └── delayed-stream@0.0.5
383 silly currentTree │ │ │ ├─┬ hawk@1.0.0
383 silly currentTree │ │ │ │ ├── boom@0.4.2
383 silly currentTree │ │ │ │ ├── cryptiles@0.2.2
383 silly currentTree │ │ │ │ ├── hoek@0.9.1
383 silly currentTree │ │ │ │ └── sntp@0.2.4
383 silly currentTree │ │ │ ├─┬ http-signature@0.10.1
383 silly currentTree │ │ │ │ ├── asn1@0.1.11
383 silly currentTree │ │ │ │ ├── assert-plus@0.1.5
383 silly currentTree │ │ │ │ └── ctype@0.5.3
383 silly currentTree │ │ │ ├── json-stringify-safe@5.0.1
383 silly currentTree │ │ │ ├── mime@1.2.11
383 silly currentTree │ │ │ ├── node-uuid@1.4.3
383 silly currentTree │ │ │ ├── oauth-sign@0.3.0
383 silly currentTree │ │ │ ├── qs@0.6.6
383 silly currentTree │ │ │ ├── tough-cookie@2.0.0
383 silly currentTree │ │ │ └── tunnel-agent@0.3.0
383 silly currentTree │ │ ├── string@1.8.1
383 silly currentTree │ │ └─┬ xmldoc@0.1.4
383 silly currentTree │ │   └── sax@0.6.1
383 silly currentTree │ ├── plex-api-credentials@2.0.0
383 silly currentTree │ ├── plex-api-headers@1.1.0
383 silly currentTree │ ├── q@1.4.1
383 silly currentTree │ ├─┬ request@2.67.0
383 silly currentTree │ │ ├── aws-sign2@0.6.0
383 silly currentTree │ │ ├─┬ bl@1.0.0
383 silly currentTree │ │ │ └─┬ readable-stream@2.0.5
383 silly currentTree │ │ │   ├── core-util-is@1.0.2
383 silly currentTree │ │ │   ├── inherits@2.0.1
383 silly currentTree │ │ │   ├── isarray@0.0.1
383 silly currentTree │ │ │   ├── process-nextick-args@1.0.6
383 silly currentTree │ │ │   ├── string_decoder@0.10.31
383 silly currentTree │ │ │   └── util-deprecate@1.0.2
383 silly currentTree │ │ ├── caseless@0.11.0
383 silly currentTree │ │ ├─┬ combined-stream@1.0.5
383 silly currentTree │ │ │ └── delayed-stream@1.0.0
383 silly currentTree │ │ ├── extend@3.0.0
383 silly currentTree │ │ ├── forever-agent@0.6.1
383 silly currentTree │ │ ├─┬ form-data@1.0.0-rc3
383 silly currentTree │ │ │ └── async@1.5.2
383 silly currentTree │ │ ├─┬ har-validator@2.0.3
383 silly currentTree │ │ │ ├─┬ chalk@1.1.1
383 silly currentTree │ │ │ │ ├── ansi-styles@2.1.0
383 silly currentTree │ │ │ │ ├── escape-string-regexp@1.0.4
383 silly currentTree │ │ │ │ ├─┬ has-ansi@2.0.0
383 silly currentTree │ │ │ │ │ └── ansi-regex@2.0.0
383 silly currentTree │ │ │ │ ├─┬ strip-ansi@3.0.0
383 silly currentTree │ │ │ │ │ └── ansi-regex@2.0.0
383 silly currentTree │ │ │ │ └── supports-color@2.0.0
383 silly currentTree │ │ │ ├─┬ commander@2.9.0
383 silly currentTree │ │ │ │ └── graceful-readlink@1.0.1
383 silly currentTree │ │ │ ├─┬ is-my-json-valid@2.12.3
383 silly currentTree │ │ │ │ ├── generate-function@2.0.0
383 silly currentTree │ │ │ │ ├─┬ generate-object-property@1.2.0
383 silly currentTree │ │ │ │ │ └── is-property@1.0.2
383 silly currentTree │ │ │ │ ├── jsonpointer@2.0.0
383 silly currentTree │ │ │ │ └── xtend@4.0.1
383 silly currentTree │ │ │ └─┬ pinkie-promise@2.0.0
383 silly currentTree │ │ │   └── pinkie@2.0.1
383 silly currentTree │ │ ├─┬ hawk@3.1.2
383 silly currentTree │ │ │ ├── boom@2.10.1
383 silly currentTree │ │ │ ├── cryptiles@2.0.5
383 silly currentTree │ │ │ ├── hoek@2.16.3
383 silly currentTree │ │ │ └── sntp@1.0.9
383 silly currentTree │ │ ├─┬ http-signature@1.1.0
383 silly currentTree │ │ │ ├── assert-plus@0.1.5
383 silly currentTree │ │ │ ├─┬ jsprim@1.2.2
383 silly currentTree │ │ │ │ ├── extsprintf@1.0.2
383 silly currentTree │ │ │ │ ├── json-schema@0.2.2
383 silly currentTree │ │ │ │ └── verror@1.3.6
383 silly currentTree │ │ │ └─┬ sshpk@1.7.2
383 silly currentTree │ │ │   ├── asn1@0.2.3
383 silly currentTree │ │ │   ├── assert-plus@0.2.0
383 silly currentTree │ │ │   ├─┬ dashdash@1.11.0
383 silly currentTree │ │ │   │ └── assert-plus@0.1.5
383 silly currentTree │ │ │   ├── ecc-jsbn@0.1.1
383 silly currentTree │ │ │   ├── jodid25519@1.0.2
383 silly currentTree │ │ │   ├── jsbn@0.1.0
383 silly currentTree │ │ │   └── tweetnacl@0.13.3
383 silly currentTree │ │ ├── is-typedarray@1.0.0
383 silly currentTree │ │ ├── isstream@0.1.2
383 silly currentTree │ │ ├── json-stringify-safe@5.0.1
383 silly currentTree │ │ ├─┬ mime-types@2.1.9
383 silly currentTree │ │ │ └── mime-db@1.21.0
383 silly currentTree │ │ ├── node-uuid@1.4.7
383 silly currentTree │ │ ├── oauth-sign@0.8.0
383 silly currentTree │ │ ├── qs@5.2.0
383 silly currentTree │ │ ├── stringstream@0.0.5
383 silly currentTree │ │ ├── tough-cookie@2.2.1
383 silly currentTree │ │ └── tunnel-agent@0.4.2
383 silly currentTree │ ├── uuid@2.0.1
383 silly currentTree │ └─┬ xml2js@0.4.15
383 silly currentTree │   ├── sax@1.1.4
383 silly currentTree │   └─┬ xmlbuilder@4.2.0
383 silly currentTree │     └── lodash@3.10.1
383 silly currentTree └── q@1.4.1
384 silly idealTree nl.kikkert.plex.homey
384 silly idealTree ├─┬ chromecast-api@0.2.2
384 silly idealTree │ ├─┬ castv2-client@1.1.1
384 silly idealTree │ │ ├─┬ castv2@0.1.6
384 silly idealTree │ │ │ └─┬ protobufjs@3.8.2
384 silly idealTree │ │ │   ├─┬ ascli@0.3.0
384 silly idealTree │ │ │   │ ├── colour@0.7.1
384 silly idealTree │ │ │   │ └── optjs@3.2.2
384 silly idealTree │ │ │   └─┬ bytebuffer@3.5.5
384 silly idealTree │ │ │     ├── bufferview@1.0.1
384 silly idealTree │ │ │     └── long@2.4.0
384 silly idealTree │ │ └─┬ debug@1.0.4
384 silly idealTree │ │   └── ms@0.6.2
384 silly idealTree │ ├─┬ debug@2.2.0
384 silly idealTree │ │ └── ms@0.7.1
384 silly idealTree │ ├─┬ multicast-dns@2.2.0
384 silly idealTree │ │ └── thunky@0.1.0
384 silly idealTree │ └─┬ node-ssdp@2.7.0
384 silly idealTree │   └── ip@1.1.0
384 silly idealTree ├── debug@2.2.0
384 silly idealTree ├── elasticlunr
384 silly idealTree ├── is-typedarray@1.0.0
384 silly idealTree ├─┬ longjohn@0.2.11
384 silly idealTree │ ├── amdefine@1.0.0
384 silly idealTree │ ├── source-map-support@0.3.2
384 silly idealTree │ └── source-map@0.1.32
384 silly idealTree ├── lunr@0.5.12
384 silly idealTree ├── ms@0.7.1
384 silly idealTree ├── nan@2.4.0
384 silly idealTree ├─┬ plex-api-credentials@2.0.0
384 silly idealTree │ ├── plex-api-headers@1.1.0
384 silly idealTree │ └─┬ request@2.61.0
384 silly idealTree │   ├── aws-sign2@0.5.0
384 silly idealTree │   ├─┬ bl@1.0.0
384 silly idealTree │   │ └─┬ readable-stream@2.0.2
384 silly idealTree │   │   ├── core-util-is@1.0.1
384 silly idealTree │   │   ├── inherits@2.0.1
384 silly idealTree │   │   ├── isarray@0.0.1
384 silly idealTree │   │   ├── process-nextick-args@1.0.2
384 silly idealTree │   │   ├── string_decoder@0.10.31
384 silly idealTree │   │   └── util-deprecate@1.0.1
384 silly idealTree │   ├── caseless@0.11.0
384 silly idealTree │   ├─┬ combined-stream@1.0.5
384 silly idealTree │   │ └── delayed-stream@1.0.0
384 silly idealTree │   ├── extend@3.0.0
384 silly idealTree │   ├── forever-agent@0.6.1
384 silly idealTree │   ├─┬ form-data@1.0.0-rc3
384 silly idealTree │   │ └── async@1.4.2
384 silly idealTree │   ├─┬ har-validator@1.8.0
384 silly idealTree │   │ ├── bluebird@2.9.34
384 silly idealTree │   │ ├─┬ chalk@1.1.1
384 silly idealTree │   │ │ ├── ansi-styles@2.1.0
384 silly idealTree │   │ │ ├── escape-string-regexp@1.0.3
384 silly idealTree │   │ │ ├─┬ has-ansi@2.0.0
384 silly idealTree │   │ │ │ └── ansi-regex@2.0.0
384 silly idealTree │   │ │ ├─┬ strip-ansi@3.0.0
384 silly idealTree │   │ │ │ └── ansi-regex@2.0.0
384 silly idealTree │   │ │ └── supports-color@2.0.0
384 silly idealTree │   │ ├─┬ commander@2.8.1
384 silly idealTree │   │ │ └── graceful-readlink@1.0.1
384 silly idealTree │   │ └─┬ is-my-json-valid@2.12.2
384 silly idealTree │   │   ├── generate-function@2.0.0
384 silly idealTree │   │   ├─┬ generate-object-property@1.2.0
384 silly idealTree │   │   │ └── is-property@1.0.2
384 silly idealTree │   │   ├── jsonpointer@2.0.0
384 silly idealTree │   │   └── xtend@4.0.0
384 silly idealTree │   ├─┬ hawk@3.1.0
384 silly idealTree │   │ ├── boom@2.8.0
384 silly idealTree │   │ ├── cryptiles@2.0.4
384 silly idealTree │   │ ├── hoek@2.14.0
384 silly idealTree │   │ └── sntp@1.0.9
384 silly idealTree │   ├─┬ http-signature@0.11.0
384 silly idealTree │   │ ├── asn1@0.1.11
384 silly idealTree │   │ ├── assert-plus@0.1.5
384 silly idealTree │   │ └── ctype@0.5.3
384 silly idealTree │   ├── isstream@0.1.2
384 silly idealTree │   ├── json-stringify-safe@5.0.1
384 silly idealTree │   ├─┬ mime-types@2.1.5
384 silly idealTree │   │ └── mime-db@1.17.0
384 silly idealTree │   ├── node-uuid@1.4.3
384 silly idealTree │   ├── oauth-sign@0.8.0
384 silly idealTree │   ├── qs@4.0.0
384 silly idealTree │   ├── stringstream@0.0.4
384 silly idealTree │   ├── tough-cookie@2.0.0
384 silly idealTree │   └── tunnel-agent@0.4.1
384 silly idealTree ├─┬ plex-api@3.2.0
384 silly idealTree │ ├── plex-api-credentials@2.0.0
384 silly idealTree │ ├── plex-api-headers@1.1.0
384 silly idealTree │ ├── q@1.4.1
384 silly idealTree │ ├─┬ request@2.67.0
384 silly idealTree │ │ ├── aws-sign2@0.6.0
384 silly idealTree │ │ ├─┬ bl@1.0.0
384 silly idealTree │ │ │ └─┬ readable-stream@2.0.5
384 silly idealTree │ │ │   ├── core-util-is@1.0.2
384 silly idealTree │ │ │   ├── inherits@2.0.1
384 silly idealTree │ │ │   ├── isarray@0.0.1
384 silly idealTree │ │ │   ├── process-nextick-args@1.0.6
384 silly idealTree │ │ │   ├── string_decoder@0.10.31
384 silly idealTree │ │ │   └── util-deprecate@1.0.2
384 silly idealTree │ │ ├── caseless@0.11.0
384 silly idealTree │ │ ├─┬ combined-stream@1.0.5
384 silly idealTree │ │ │ └── delayed-stream@1.0.0
384 silly idealTree │ │ ├── extend@3.0.0
384 silly idealTree │ │ ├── forever-agent@0.6.1
384 silly idealTree │ │ ├─┬ form-data@1.0.0-rc3
384 silly idealTree │ │ │ └── async@1.5.2
384 silly idealTree │ │ ├─┬ har-validator@2.0.3
384 silly idealTree │ │ │ ├─┬ chalk@1.1.1
384 silly idealTree │ │ │ │ ├── ansi-styles@2.1.0
384 silly idealTree │ │ │ │ ├── escape-string-regexp@1.0.4
384 silly idealTree │ │ │ │ ├─┬ has-ansi@2.0.0
384 silly idealTree │ │ │ │ │ └── ansi-regex@2.0.0
384 silly idealTree │ │ │ │ ├─┬ strip-ansi@3.0.0
384 silly idealTree │ │ │ │ │ └── ansi-regex@2.0.0
384 silly idealTree │ │ │ │ └── supports-color@2.0.0
384 silly idealTree │ │ │ ├─┬ commander@2.9.0
384 silly idealTree │ │ │ │ └── graceful-readlink@1.0.1
384 silly idealTree │ │ │ ├─┬ is-my-json-valid@2.12.3
384 silly idealTree │ │ │ │ ├── generate-function@2.0.0
384 silly idealTree │ │ │ │ ├─┬ generate-object-property@1.2.0
384 silly idealTree │ │ │ │ │ └── is-property@1.0.2
384 silly idealTree │ │ │ │ ├── jsonpointer@2.0.0
384 silly idealTree │ │ │ │ └── xtend@4.0.1
384 silly idealTree │ │ │ └─┬ pinkie-promise@2.0.0
384 silly idealTree │ │ │   └── pinkie@2.0.1
384 silly idealTree │ │ ├─┬ hawk@3.1.2
384 silly idealTree │ │ │ ├── boom@2.10.1
384 silly idealTree │ │ │ ├── cryptiles@2.0.5
384 silly idealTree │ │ │ ├── hoek@2.16.3
384 silly idealTree │ │ │ └── sntp@1.0.9
384 silly idealTree │ │ ├─┬ http-signature@1.1.0
384 silly idealTree │ │ │ ├── assert-plus@0.1.5
384 silly idealTree │ │ │ ├─┬ jsprim@1.2.2
384 silly idealTree │ │ │ │ ├── extsprintf@1.0.2
384 silly idealTree │ │ │ │ ├── json-schema@0.2.2
384 silly idealTree │ │ │ │ └── verror@1.3.6
384 silly idealTree │ │ │ └─┬ sshpk@1.7.2
384 silly idealTree │ │ │   ├── asn1@0.2.3
384 silly idealTree │ │ │   ├── assert-plus@0.2.0
384 silly idealTree │ │ │   ├─┬ dashdash@1.11.0
384 silly idealTree │ │ │   │ └── assert-plus@0.1.5
384 silly idealTree │ │ │   ├── ecc-jsbn@0.1.1
384 silly idealTree │ │ │   ├── jodid25519@1.0.2
384 silly idealTree │ │ │   ├── jsbn@0.1.0
384 silly idealTree │ │ │   └── tweetnacl@0.13.3
384 silly idealTree │ │ ├── is-typedarray@1.0.0
384 silly idealTree │ │ ├── isstream@0.1.2
384 silly idealTree │ │ ├── json-stringify-safe@5.0.1
384 silly idealTree │ │ ├─┬ mime-types@2.1.9
384 silly idealTree │ │ │ └── mime-db@1.21.0
384 silly idealTree │ │ ├── node-uuid@1.4.7
384 silly idealTree │ │ ├── oauth-sign@0.8.0
384 silly idealTree │ │ ├── qs@5.2.0
384 silly idealTree │ │ ├── stringstream@0.0.5
384 silly idealTree │ │ ├── tough-cookie@2.2.1
384 silly idealTree │ │ └── tunnel-agent@0.4.2
384 silly idealTree │ ├── uuid@2.0.1
384 silly idealTree │ └─┬ xml2js@0.4.15
384 silly idealTree │   ├── sax@1.1.4
384 silly idealTree │   └─┬ xmlbuilder@4.2.0
384 silly idealTree │     └── lodash@3.10.1
384 silly idealTree ├── q@1.4.1
384 silly idealTree ├── typedarray-to-buffer@3.1.2
384 silly idealTree ├── websocket@1.0.23
384 silly idealTree └── yaeti@0.0.4
385 silly generateActionsToTake Starting
386 silly install generateActionsToTake
387 silly rollbackFailedOptional Starting
388 silly rollbackFailedOptional Finishing
389 silly runTopLevelLifecycles Starting
390 silly runTopLevelLifecycles Finishing
391 silly install printInstalled
392 warn enoent ENOENT: no such file or directory, open '/Users/MichielPro/Dropbox/projects/Athom/Homey/apps/nl.kikkert.plex.homey/package.json'
393 warn enoent ENOENT: no such file or directory, open '/Users/MichielPro/Dropbox/projects/Athom/Homey/apps/nl.kikkert.plex.homey/node_modules/elasticlunr/package.json'
394 verbose stack Error: /Users/MichielPro/Dropbox/projects/Athom/Homey/apps/nl.kikkert.plex.homey/node_modules/plex-api: Appears to be a git repo or submodule.
394 verbose stack     at /usr/local/lib/node_modules/npm/node_modules/npm-install-checks/index.js:137:15
394 verbose stack     at FSReqWrap.oncomplete (fs.js:82:15)
395 verbose cwd /Users/MichielPro/Dropbox/projects/Athom/Homey/apps/nl.kikkert.plex.homey
396 error Darwin 15.6.0
397 error argv "/usr/local/bin/node" "/usr/local/bin/npm" "install" "websocket"
398 error node v5.6.0
399 error npm  v3.6.0
400 error path /Users/MichielPro/Dropbox/projects/Athom/Homey/apps/nl.kikkert.plex.homey/node_modules/plex-api
401 error code EISGIT
402 error git /Users/MichielPro/Dropbox/projects/Athom/Homey/apps/nl.kikkert.plex.homey/node_modules/plex-api: Appears to be a git repo or submodule.
403 error git /Users/MichielPro/Dropbox/projects/Athom/Homey/apps/nl.kikkert.plex.homey/node_modules/plex-api
404 error git Refusing to remove it. Update manually,
404 error git or move it out of the way first.
405 verbose exit [ 1, true ]
